<?xml version="1.0" encoding="UTF-8" ?>
<testsuite tests="47" failures="0" name="edu.yu.cs.com1320.project.stage5.impl.StagefourtestdocimplTest" time="0.418" errors="0" skipped="0">
  <properties>
[...]
</properties>
  <testcase classname="edu.yu.cs.com1320.project.stage5.impl.StagefourtestdocimplTest" name="stage4TestSetGetLastUseTime" time="0.004"/>
  <testcase classname="edu.yu.cs.com1320.project.stage5.impl.StagefourtestdocimplTest" name="stage3DeleteAllWithPrefix" time="0.01"/>
  <testcase classname="edu.yu.cs.com1320.project.stage5.impl.StagefourtestdocimplTest" name="testGetTextDocumentAsPdf" time="0.013"/>
  <testcase classname="edu.yu.cs.com1320.project.stage5.impl.StagefourtestdocimplTest" name="testGetTextDocumentAsTxt" time="0.005"/>
  <testcase classname="edu.yu.cs.com1320.project.stage5.impl.StagefourtestdocimplTest" name="testGetPdfDocumentTextHashCode" time="0.046"/>
  <testcase classname="edu.yu.cs.com1320.project.stage5.impl.StagefourtestdocimplTest" name="testGetPdfDocumentAsPdf" time="0.005"/>
  <testcase classname="edu.yu.cs.com1320.project.stage5.impl.StagefourtestdocimplTest" name="testGetPdfDocumentAsTxt" time="0.003"/>
  <testcase classname="edu.yu.cs.com1320.project.stage5.impl.StagefourtestdocimplTest" name="stage3SearchPDFs" time="0.006"/>
  <testcase classname="edu.yu.cs.com1320.project.stage5.impl.StagefourtestdocimplTest" name="stage4TestUpdateDocLastUseTimeOnSearchPDFs" time="0.005"/>
  <testcase classname="edu.yu.cs.com1320.project.stage5.impl.StagefourtestdocimplTest" name="stage4TestUpdateDocLastUseTimeOnSearch" time="0.006"/>
  <testcase classname="edu.yu.cs.com1320.project.stage5.impl.StagefourtestdocimplTest" name="getDocTest" time="0.014"/>
  <testcase classname="edu.yu.cs.com1320.project.stage5.impl.StagefourtestdocimplTest" name="stage3SearchByPrefix" time="0.007"/>
  <testcase classname="edu.yu.cs.com1320.project.stage5.impl.StagefourtestdocimplTest" name="testPutPdfDocumentNoPreviousDocAtURI" time="0.005"/>
  <testcase classname="edu.yu.cs.com1320.project.stage5.impl.StagefourtestdocimplTest" name="stage4TestMaxDocCountViaPut" time="0.026"/>
  <testcase classname="edu.yu.cs.com1320.project.stage5.impl.StagefourtestdocimplTest" name="stage4TestMaxDocsWhenDoubleMaxViaPut" time="0.012"/>
  <testcase classname="edu.yu.cs.com1320.project.stage5.impl.StagefourtestdocimplTest" name="stage3TestSearchByKeyword" time="0.01"/>
  <testcase classname="edu.yu.cs.com1320.project.stage5.impl.StagefourtestdocimplTest" name="stage4TestNoUpdateDocLastUseTimeOnProtectedGet" time="0.006"/>
  <testcase classname="edu.yu.cs.com1320.project.stage5.impl.StagefourtestdocimplTest" name="stage4TestUpdateDocLastUseTimeOnSearchByPrefix" time="0.005"/>
  <testcase classname="edu.yu.cs.com1320.project.stage5.impl.StagefourtestdocimplTest" name="testGetTextDocumentTextHashCode" time="0.003"/>
  <testcase classname="edu.yu.cs.com1320.project.stage5.impl.StagefourtestdocimplTest" name="stage4TestMaxBytesWhenDoubleMaxViaPut" time="0.011"/>
  <testcase classname="edu.yu.cs.com1320.project.stage5.impl.StagefourtestdocimplTest" name="testPutNewVersionOfDocumentPdf" time="0.01"/>
  <testcase classname="edu.yu.cs.com1320.project.stage5.impl.StagefourtestdocimplTest" name="testPutNewVersionOfDocumentTxt" time="0.012"/>
  <testcase classname="edu.yu.cs.com1320.project.stage5.impl.StagefourtestdocimplTest" name="testGetTxtDocAsPdf" time="0.014"/>
  <testcase classname="edu.yu.cs.com1320.project.stage5.impl.StagefourtestdocimplTest" name="testGetTxtDocAsTxt" time="0.006"/>
  <testcase classname="edu.yu.cs.com1320.project.stage5.impl.StagefourtestdocimplTest" name="stage4TestUpdateDocLastUseTimeOnSearchPDFsByPrefix" time="0.006"/>
  <testcase classname="edu.yu.cs.com1320.project.stage5.impl.StagefourtestdocimplTest" name="testGetPdfDocumentKey" time="0.002"/>
  <testcase classname="edu.yu.cs.com1320.project.stage5.impl.StagefourtestdocimplTest" name="stage3DeleteAll" time="0.007"/>
  <testcase classname="edu.yu.cs.com1320.project.stage5.impl.StagefourtestdocimplTest" name="stage4TestUndoAfterMaxBytes" time="0.011"/>
  <testcase classname="edu.yu.cs.com1320.project.stage5.impl.StagefourtestdocimplTest" name="stage4TestUpdateDocLastUseTimeOnPut" time="0.006"/>
  <testcase classname="edu.yu.cs.com1320.project.stage5.impl.StagefourtestdocimplTest" name="stage3TestDeleteAllByKeyword" time="0.018"/>
  <testcase classname="edu.yu.cs.com1320.project.stage5.impl.StagefourtestdocimplTest" name="stage4TestUndoAfterMaxDocCount" time="0.014"/>
  <testcase classname="edu.yu.cs.com1320.project.stage5.impl.StagefourtestdocimplTest" name="testGetTextDocumentKey" time="0.004"/>
  <testcase classname="edu.yu.cs.com1320.project.stage5.impl.StagefourtestdocimplTest" name="stage3DeleteAllExists" time="0.003"/>
  <testcase classname="edu.yu.cs.com1320.project.stage5.impl.StagefourtestdocimplTest" name="stage3TestSearchByPrefix" time="0.009"/>
  <testcase classname="edu.yu.cs.com1320.project.stage5.impl.StagefourtestdocimplTest" name="stage3SearchPDFsByPrefix" time="0.007"/>
  <testcase classname="edu.yu.cs.com1320.project.stage5.impl.StagefourtestdocimplTest" name="stage4TestUpdateDocLastUseTimeOnOverwrite" time="0.006"/>
  <testcase classname="edu.yu.cs.com1320.project.stage5.impl.StagefourtestdocimplTest" name="TestSerialize" time="0.011"/>
  <testcase classname="edu.yu.cs.com1320.project.stage5.impl.StagefourtestdocimplTest" name="testStage3WordCount" time="0.003"/>
  <testcase classname="edu.yu.cs.com1320.project.stage5.impl.StagefourtestdocimplTest" name="stage3Search" time="0.008"/>
  <testcase classname="edu.yu.cs.com1320.project.stage5.impl.StagefourtestdocimplTest" name="testStage3CaseInsensitive" time="0.004"/>
  <testcase classname="edu.yu.cs.com1320.project.stage5.impl.StagefourtestdocimplTest" name="stage4TestMaxDocBytesViaPut" time="0.011"/>
  <testcase classname="edu.yu.cs.com1320.project.stage5.impl.StagefourtestdocimplTest" name="testPutTxtDocumentNoPreviousDocAtURI" time="0.006"/>
  <testcase classname="edu.yu.cs.com1320.project.stage5.impl.StagefourtestdocimplTest" name="memoryLimit" time="0.01"/>
  <testcase classname="edu.yu.cs.com1320.project.stage5.impl.StagefourtestdocimplTest" name="testGetPdfDocAsPdf" time="0.007"/>
  <testcase classname="edu.yu.cs.com1320.project.stage5.impl.StagefourtestdocimplTest" name="testGetPdfDocAsTxt" time="0.006"/>
  <testcase classname="edu.yu.cs.com1320.project.stage5.impl.StagefourtestdocimplTest" name="stage3TestDeleteAllByPrefix" time="0.01"/>
  <testcase classname="edu.yu.cs.com1320.project.stage5.impl.StagefourtestdocimplTest" name="testPutDocumentWithNullArguments" time="0.005"/>
</testsuite>